This is pdfTeX, Version 3.14159265-2.6-1.40.20 (MiKTeX 2.9.7050 64-bit) (preloaded format=pdflatex 2019.7.12)  3 AUG 2019 15:11
entering extended mode
**./DR.tex
(DR.tex
LaTeX2e <2018-12-01>
("C:\Users\Admin\AppData\Local\Programs\MiKTeX 2.9\tex/latex/base\book.cls"
Document Class: book 2018/09/03 v1.4i Standard LaTeX document class
("C:\Users\Admin\AppData\Local\Programs\MiKTeX 2.9\tex/latex/base\bk11.clo"
File: bk11.clo 2018/09/03 v1.4i Standard LaTeX file (size option)
)
\c@part=\count80
\c@chapter=\count81
\c@section=\count82
\c@subsection=\count83
\c@subsubsection=\count84
\c@paragraph=\count85
\c@subparagraph=\count86
\c@figure=\count87
\c@table=\count88
\abovecaptionskip=\skip41
\belowcaptionskip=\skip42
\bibindent=\dimen102
)
("C:\Users\Admin\AppData\Local\Programs\MiKTeX 2.9\tex/latex/base\inputenc.sty"
Package: inputenc 2018/08/11 v1.3c Input encoding file
\inpenc@prehook=\toks14
\inpenc@posthook=\toks15
) ("C:\Users\Admin\AppData\Local\Programs\MiKTeX 2.9\tex/generic/babel\babel.st
y"
Package: babel 2019/06/03 3.32 The Babel package

("C:\Users\Admin\AppData\Local\Programs\MiKTeX 2.9\tex/generic/babel\switch.def
"
File: switch.def 2019/06/03 3.32 Babel switching mechanism
)
*************************************
* Local config file bblopts.cfg used
*
("C:\Users\Admin\AppData\Local\Programs\MiKTeX 2.9\tex/latex/arabi\bblopts.cfg"
File: bblopts.cfg 2005/09/08 v0.1 add Arabic and Farsi to "declared" options of
 babel
)
("C:\Users\Admin\AppData\Local\Programs\MiKTeX 2.9\tex/latex/babel-english\engl
ish.ldf"
Language: english 2017/06/06 v3.3r English support from the babel system

("C:\Users\Admin\AppData\Local\Programs\MiKTeX 2.9\tex/generic/babel\babel.def"
File: babel.def 2019/06/03 3.32 Babel common definitions
\babel@savecnt=\count89
\U@D=\dimen103

("C:\Users\Admin\AppData\Local\Programs\MiKTeX 2.9\tex/generic/babel\txtbabel.d
ef")
\bbl@dirlevel=\count90
)
\l@canadian = a dialect from \language\l@american 
\l@australian = a dialect from \language\l@british 
\l@newzealand = a dialect from \language\l@british 
))
("C:\Users\Admin\AppData\Local\Programs\MiKTeX 2.9\tex/latex/geometry\geometry.
sty"
Package: geometry 2018/04/16 v5.8 Page Geometry

("C:\Users\Admin\AppData\Local\Programs\MiKTeX 2.9\tex/latex/graphics\keyval.st
y"
Package: keyval 2014/10/28 v1.15 key=value parser (DPC)
\KV@toks@=\toks16
)
("C:\Users\Admin\AppData\Local\Programs\MiKTeX 2.9\tex/generic/oberdiek\ifpdf.s
ty"
Package: ifpdf 2018/09/07 v3.3 Provides the ifpdf switch
)
("C:\Users\Admin\AppData\Local\Programs\MiKTeX 2.9\tex/generic/oberdiek\ifvtex.
sty"
Package: ifvtex 2016/05/16 v1.6 Detect VTeX and its facilities (HO)
Package ifvtex Info: VTeX not detected.
)
("C:\Users\Admin\AppData\Local\Programs\MiKTeX 2.9\tex/generic/ifxetex\ifxetex.
sty"
Package: ifxetex 2010/09/12 v0.6 Provides ifxetex conditional
)
\Gm@cnth=\count91
\Gm@cntv=\count92
\c@Gm@tempcnt=\count93
\Gm@bindingoffset=\dimen104
\Gm@wd@mp=\dimen105
\Gm@odd@mp=\dimen106
\Gm@even@mp=\dimen107
\Gm@layoutwidth=\dimen108
\Gm@layoutheight=\dimen109
\Gm@layouthoffset=\dimen110
\Gm@layoutvoffset=\dimen111
\Gm@dimlist=\toks17

("C:\Users\Admin\AppData\Local\Programs\MiKTeX 2.9\tex/latex/geometry\geometry.
cfg"))
("C:\Users\Admin\AppData\Local\Programs\MiKTeX 2.9\tex/latex/hyperref\hyperref.
sty"
Package: hyperref 2018/11/30 v6.88e Hypertext links for LaTeX

("C:\Users\Admin\AppData\Local\Programs\MiKTeX 2.9\tex/generic/oberdiek\hobsub-
hyperref.sty"
Package: hobsub-hyperref 2016/05/16 v1.14 Bundle oberdiek, subset hyperref (HO)


("C:\Users\Admin\AppData\Local\Programs\MiKTeX 2.9\tex/generic/oberdiek\hobsub-
generic.sty"
Package: hobsub-generic 2016/05/16 v1.14 Bundle oberdiek, subset generic (HO)
Package: hobsub 2016/05/16 v1.14 Construct package bundles (HO)
Package: infwarerr 2016/05/16 v1.4 Providing info/warning/error messages (HO)
Package: ltxcmds 2016/05/16 v1.23 LaTeX kernel commands for general use (HO)
Package: ifluatex 2016/05/16 v1.4 Provides the ifluatex switch (HO)
Package ifluatex Info: LuaTeX not detected.
Package hobsub Info: Skipping package `ifvtex' (already loaded).
Package: intcalc 2016/05/16 v1.2 Expandable calculations with integers (HO)
Package hobsub Info: Skipping package `ifpdf' (already loaded).
Package: etexcmds 2016/05/16 v1.6 Avoid name clashes with e-TeX commands (HO)
Package: kvsetkeys 2016/05/16 v1.17 Key value parser (HO)
Package: kvdefinekeys 2016/05/16 v1.4 Define keys (HO)
Package: pdftexcmds 2018/09/10 v0.29 Utility functions of pdfTeX for LuaTeX (HO
)
Package pdftexcmds Info: LuaTeX not detected.
Package pdftexcmds Info: \pdf@primitive is available.
Package pdftexcmds Info: \pdf@ifprimitive is available.
Package pdftexcmds Info: \pdfdraftmode found.
Package: pdfescape 2016/05/16 v1.14 Implements pdfTeX's escape features (HO)
Package: bigintcalc 2016/05/16 v1.4 Expandable calculations on big integers (HO
)
Package: bitset 2016/05/16 v1.2 Handle bit-vector datatype (HO)
Package: uniquecounter 2016/05/16 v1.3 Provide unlimited unique counter (HO)
)
Package hobsub Info: Skipping package `hobsub' (already loaded).
Package: letltxmacro 2016/05/16 v1.5 Let assignment for LaTeX macros (HO)
Package: hopatch 2016/05/16 v1.3 Wrapper for package hooks (HO)
Package: xcolor-patch 2016/05/16 xcolor patch
Package: atveryend 2016/05/16 v1.9 Hooks at the very end of document (HO)
Package atveryend Info: \enddocument detected (standard20110627).
Package: atbegshi 2016/06/09 v1.18 At begin shipout hook (HO)
Package: refcount 2016/05/16 v3.5 Data extraction from label references (HO)
Package: hycolor 2016/05/16 v1.8 Color options for hyperref/bookmark (HO)
)
("C:\Users\Admin\AppData\Local\Programs\MiKTeX 2.9\tex/latex/oberdiek\auxhook.s
ty"
Package: auxhook 2016/05/16 v1.4 Hooks for auxiliary files (HO)
)
("C:\Users\Admin\AppData\Local\Programs\MiKTeX 2.9\tex/latex/oberdiek\kvoptions
.sty"
Package: kvoptions 2016/05/16 v3.12 Key value format for package options (HO)
)
\@linkdim=\dimen112
\Hy@linkcounter=\count94
\Hy@pagecounter=\count95

("C:\Users\Admin\AppData\Local\Programs\MiKTeX 2.9\tex/latex/hyperref\pd1enc.de
f"
File: pd1enc.def 2018/11/30 v6.88e Hyperref: PDFDocEncoding definition (HO)
Now handling font encoding PD1 ...
... no UTF-8 mapping file for font encoding PD1
)
\Hy@SavedSpaceFactor=\count96

("C:\Users\Admin\AppData\Local\Programs\MiKTeX 2.9\tex/latex/00miktex\hyperref.
cfg"
File: hyperref.cfg 2002/06/06 v1.2 hyperref configuration of TeXLive
)
Package hyperref Info: Hyper figures OFF on input line 4519.
Package hyperref Info: Link nesting OFF on input line 4524.
Package hyperref Info: Hyper index ON on input line 4527.
Package hyperref Info: Plain pages OFF on input line 4534.
Package hyperref Info: Backreferencing OFF on input line 4539.
Package hyperref Info: Implicit mode ON; LaTeX internals redefined.
Package hyperref Info: Bookmarks ON on input line 4772.
\c@Hy@tempcnt=\count97
 ("C:\Users\Admin\AppData\Local\Programs\MiKTeX 2.9\tex/latex/url\url.sty"
\Urlmuskip=\muskip10
Package: url 2013/09/16  ver 3.4  Verb mode for urls, etc.
)
LaTeX Info: Redefining \url on input line 5125.
\XeTeXLinkMargin=\dimen113
\Fld@menulength=\count98
\Field@Width=\dimen114
\Fld@charsize=\dimen115
Package hyperref Info: Hyper figures OFF on input line 6380.
Package hyperref Info: Link nesting OFF on input line 6385.
Package hyperref Info: Hyper index ON on input line 6388.
Package hyperref Info: backreferencing OFF on input line 6395.
Package hyperref Info: Link coloring OFF on input line 6400.
Package hyperref Info: Link coloring with OCG OFF on input line 6405.
Package hyperref Info: PDF/A mode OFF on input line 6410.
LaTeX Info: Redefining \ref on input line 6450.
LaTeX Info: Redefining \pageref on input line 6454.
\Hy@abspage=\count99
\c@Item=\count100
\c@Hfootnote=\count101
)
Package hyperref Info: Driver (autodetected): hpdftex.

("C:\Users\Admin\AppData\Local\Programs\MiKTeX 2.9\tex/latex/hyperref\hpdftex.d
ef"
File: hpdftex.def 2018/11/30 v6.88e Hyperref driver for pdfTeX
\Fld@listcount=\count102
\c@bookmark@seq@number=\count103

("C:\Users\Admin\AppData\Local\Programs\MiKTeX 2.9\tex/latex/oberdiek\rerunfile
check.sty"
Package: rerunfilecheck 2016/05/16 v1.8 Rerun checks for auxiliary files (HO)
Package uniquecounter Info: New unique counter `rerunfilecheck' on input line 2
82.
)
\Hy@SectionHShift=\skip43
)
("C:\Users\Admin\AppData\Local\Programs\MiKTeX 2.9\tex/latex/base\textcomp.sty"
Package: textcomp 2018/08/11 v2.0j Standard LaTeX package
Package textcomp Info: Sub-encoding information:
(textcomp)               5 = only ISO-Adobe without \textcurrency
(textcomp)               4 = 5 + \texteuro
(textcomp)               3 = 4 + \textohm
(textcomp)               2 = 3 + \textestimated + \textcurrency
(textcomp)               1 = TS1 - \textcircled - \t
(textcomp)               0 = TS1 (full)
(textcomp)             Font families with sub-encoding setting implement
(textcomp)             only a restricted character set as indicated.
(textcomp)             Family '?' is the default used for unknown fonts.
(textcomp)             See the documentation for details.
Package textcomp Info: Setting ? sub-encoding to TS1/1 on input line 79.
("C:\Users\Admin\AppData\Local\Programs\MiKTeX 2.9\tex/latex/base\ts1enc.def"
File: ts1enc.def 2001/06/05 v3.0e (jk/car/fm) Standard LaTeX file
Now handling font encoding TS1 ...
... processing UTF-8 mapping file for font encoding TS1

("C:\Users\Admin\AppData\Local\Programs\MiKTeX 2.9\tex/latex/base\ts1enc.dfu"
File: ts1enc.dfu 2018/10/05 v1.2f UTF-8 support for inputenc
   defining Unicode char U+00A2 (decimal 162)
   defining Unicode char U+00A3 (decimal 163)
   defining Unicode char U+00A4 (decimal 164)
   defining Unicode char U+00A5 (decimal 165)
   defining Unicode char U+00A6 (decimal 166)
   defining Unicode char U+00A7 (decimal 167)
   defining Unicode char U+00A8 (decimal 168)
   defining Unicode char U+00A9 (decimal 169)
   defining Unicode char U+00AA (decimal 170)
   defining Unicode char U+00AC (decimal 172)
   defining Unicode char U+00AE (decimal 174)
   defining Unicode char U+00AF (decimal 175)
   defining Unicode char U+00B0 (decimal 176)
   defining Unicode char U+00B1 (decimal 177)
   defining Unicode char U+00B2 (decimal 178)
   defining Unicode char U+00B3 (decimal 179)
   defining Unicode char U+00B4 (decimal 180)
   defining Unicode char U+00B5 (decimal 181)
   defining Unicode char U+00B6 (decimal 182)
   defining Unicode char U+00B7 (decimal 183)
   defining Unicode char U+00B9 (decimal 185)
   defining Unicode char U+00BA (decimal 186)
   defining Unicode char U+00BC (decimal 188)
   defining Unicode char U+00BD (decimal 189)
   defining Unicode char U+00BE (decimal 190)
   defining Unicode char U+00D7 (decimal 215)
   defining Unicode char U+00F7 (decimal 247)
   defining Unicode char U+0192 (decimal 402)
   defining Unicode char U+02C7 (decimal 711)
   defining Unicode char U+02D8 (decimal 728)
   defining Unicode char U+02DD (decimal 733)
   defining Unicode char U+0E3F (decimal 3647)
   defining Unicode char U+2016 (decimal 8214)
   defining Unicode char U+2020 (decimal 8224)
   defining Unicode char U+2021 (decimal 8225)
   defining Unicode char U+2022 (decimal 8226)
   defining Unicode char U+2030 (decimal 8240)
   defining Unicode char U+2031 (decimal 8241)
   defining Unicode char U+203B (decimal 8251)
   defining Unicode char U+203D (decimal 8253)
   defining Unicode char U+2044 (decimal 8260)
   defining Unicode char U+204E (decimal 8270)
   defining Unicode char U+2052 (decimal 8274)
   defining Unicode char U+20A1 (decimal 8353)
   defining Unicode char U+20A4 (decimal 8356)
   defining Unicode char U+20A6 (decimal 8358)
   defining Unicode char U+20A9 (decimal 8361)
   defining Unicode char U+20AB (decimal 8363)
   defining Unicode char U+20AC (decimal 8364)
   defining Unicode char U+20B1 (decimal 8369)
   defining Unicode char U+2103 (decimal 8451)
   defining Unicode char U+2116 (decimal 8470)
   defining Unicode char U+2117 (decimal 8471)
   defining Unicode char U+211E (decimal 8478)
   defining Unicode char U+2120 (decimal 8480)
   defining Unicode char U+2122 (decimal 8482)
   defining Unicode char U+2126 (decimal 8486)
   defining Unicode char U+2127 (decimal 8487)
   defining Unicode char U+212E (decimal 8494)
   defining Unicode char U+2190 (decimal 8592)
   defining Unicode char U+2191 (decimal 8593)
   defining Unicode char U+2192 (decimal 8594)
   defining Unicode char U+2193 (decimal 8595)
   defining Unicode char U+2329 (decimal 9001)
   defining Unicode char U+232A (decimal 9002)
   defining Unicode char U+2422 (decimal 9250)
   defining Unicode char U+25E6 (decimal 9702)
   defining Unicode char U+25EF (decimal 9711)
   defining Unicode char U+266A (decimal 9834)
   defining Unicode char U+FEFF (decimal 65279)
))
LaTeX Info: Redefining \oldstylenums on input line 334.
Package textcomp Info: Setting cmr sub-encoding to TS1/0 on input line 349.
Package textcomp Info: Setting cmss sub-encoding to TS1/0 on input line 350.
Package textcomp Info: Setting cmtt sub-encoding to TS1/0 on input line 351.
Package textcomp Info: Setting cmvtt sub-encoding to TS1/0 on input line 352.
Package textcomp Info: Setting cmbr sub-encoding to TS1/0 on input line 353.
Package textcomp Info: Setting cmtl sub-encoding to TS1/0 on input line 354.
Package textcomp Info: Setting ccr sub-encoding to TS1/0 on input line 355.
Package textcomp Info: Setting ptm sub-encoding to TS1/4 on input line 356.
Package textcomp Info: Setting pcr sub-encoding to TS1/4 on input line 357.
Package textcomp Info: Setting phv sub-encoding to TS1/4 on input line 358.
Package textcomp Info: Setting ppl sub-encoding to TS1/3 on input line 359.
Package textcomp Info: Setting pag sub-encoding to TS1/4 on input line 360.
Package textcomp Info: Setting pbk sub-encoding to TS1/4 on input line 361.
Package textcomp Info: Setting pnc sub-encoding to TS1/4 on input line 362.
Package textcomp Info: Setting pzc sub-encoding to TS1/4 on input line 363.
Package textcomp Info: Setting bch sub-encoding to TS1/4 on input line 364.
Package textcomp Info: Setting put sub-encoding to TS1/5 on input line 365.
Package textcomp Info: Setting uag sub-encoding to TS1/5 on input line 366.
Package textcomp Info: Setting ugq sub-encoding to TS1/5 on input line 367.
Package textcomp Info: Setting ul8 sub-encoding to TS1/4 on input line 368.
Package textcomp Info: Setting ul9 sub-encoding to TS1/4 on input line 369.
Package textcomp Info: Setting augie sub-encoding to TS1/5 on input line 370.
Package textcomp Info: Setting dayrom sub-encoding to TS1/3 on input line 371.
Package textcomp Info: Setting dayroms sub-encoding to TS1/3 on input line 372.

Package textcomp Info: Setting pxr sub-encoding to TS1/0 on input line 373.
Package textcomp Info: Setting pxss sub-encoding to TS1/0 on input line 374.
Package textcomp Info: Setting pxtt sub-encoding to TS1/0 on input line 375.
Package textcomp Info: Setting txr sub-encoding to TS1/0 on input line 376.
Package textcomp Info: Setting txss sub-encoding to TS1/0 on input line 377.
Package textcomp Info: Setting txtt sub-encoding to TS1/0 on input line 378.
Package textcomp Info: Setting lmr sub-encoding to TS1/0 on input line 379.
Package textcomp Info: Setting lmdh sub-encoding to TS1/0 on input line 380.
Package textcomp Info: Setting lmss sub-encoding to TS1/0 on input line 381.
Package textcomp Info: Setting lmssq sub-encoding to TS1/0 on input line 382.
Package textcomp Info: Setting lmvtt sub-encoding to TS1/0 on input line 383.
Package textcomp Info: Setting lmtt sub-encoding to TS1/0 on input line 384.
Package textcomp Info: Setting qhv sub-encoding to TS1/0 on input line 385.
Package textcomp Info: Setting qag sub-encoding to TS1/0 on input line 386.
Package textcomp Info: Setting qbk sub-encoding to TS1/0 on input line 387.
Package textcomp Info: Setting qcr sub-encoding to TS1/0 on input line 388.
Package textcomp Info: Setting qcs sub-encoding to TS1/0 on input line 389.
Package textcomp Info: Setting qpl sub-encoding to TS1/0 on input line 390.
Package textcomp Info: Setting qtm sub-encoding to TS1/0 on input line 391.
Package textcomp Info: Setting qzc sub-encoding to TS1/0 on input line 392.
Package textcomp Info: Setting qhvc sub-encoding to TS1/0 on input line 393.
Package textcomp Info: Setting futs sub-encoding to TS1/4 on input line 394.
Package textcomp Info: Setting futx sub-encoding to TS1/4 on input line 395.
Package textcomp Info: Setting futj sub-encoding to TS1/4 on input line 396.
Package textcomp Info: Setting hlh sub-encoding to TS1/3 on input line 397.
Package textcomp Info: Setting hls sub-encoding to TS1/3 on input line 398.
Package textcomp Info: Setting hlst sub-encoding to TS1/3 on input line 399.
Package textcomp Info: Setting hlct sub-encoding to TS1/5 on input line 400.
Package textcomp Info: Setting hlx sub-encoding to TS1/5 on input line 401.
Package textcomp Info: Setting hlce sub-encoding to TS1/5 on input line 402.
Package textcomp Info: Setting hlcn sub-encoding to TS1/5 on input line 403.
Package textcomp Info: Setting hlcw sub-encoding to TS1/5 on input line 404.
Package textcomp Info: Setting hlcf sub-encoding to TS1/5 on input line 405.
Package textcomp Info: Setting pplx sub-encoding to TS1/3 on input line 406.
Package textcomp Info: Setting pplj sub-encoding to TS1/3 on input line 407.
Package textcomp Info: Setting ptmx sub-encoding to TS1/4 on input line 408.
Package textcomp Info: Setting ptmj sub-encoding to TS1/4 on input line 409.
) ("C:\Users\Admin\AppData\Local\Programs\MiKTeX 2.9\tex/latex/lm\lmodern.sty"
Package: lmodern 2009/10/30 v1.6 Latin Modern Fonts
LaTeX Font Info:    Overwriting symbol font `operators' in version `normal'
(Font)                  OT1/cmr/m/n --> OT1/lmr/m/n on input line 22.
LaTeX Font Info:    Overwriting symbol font `letters' in version `normal'
(Font)                  OML/cmm/m/it --> OML/lmm/m/it on input line 23.
LaTeX Font Info:    Overwriting symbol font `symbols' in version `normal'
(Font)                  OMS/cmsy/m/n --> OMS/lmsy/m/n on input line 24.
LaTeX Font Info:    Overwriting symbol font `largesymbols' in version `normal'
(Font)                  OMX/cmex/m/n --> OMX/lmex/m/n on input line 25.
LaTeX Font Info:    Overwriting symbol font `operators' in version `bold'
(Font)                  OT1/cmr/bx/n --> OT1/lmr/bx/n on input line 26.
LaTeX Font Info:    Overwriting symbol font `letters' in version `bold'
(Font)                  OML/cmm/b/it --> OML/lmm/b/it on input line 27.
LaTeX Font Info:    Overwriting symbol font `symbols' in version `bold'
(Font)                  OMS/cmsy/b/n --> OMS/lmsy/b/n on input line 28.
LaTeX Font Info:    Overwriting symbol font `largesymbols' in version `bold'
(Font)                  OMX/cmex/m/n --> OMX/lmex/m/n on input line 29.
LaTeX Font Info:    Overwriting math alphabet `\mathbf' in version `normal'
(Font)                  OT1/cmr/bx/n --> OT1/lmr/bx/n on input line 31.
LaTeX Font Info:    Overwriting math alphabet `\mathsf' in version `normal'
(Font)                  OT1/cmss/m/n --> OT1/lmss/m/n on input line 32.
LaTeX Font Info:    Overwriting math alphabet `\mathit' in version `normal'
(Font)                  OT1/cmr/m/it --> OT1/lmr/m/it on input line 33.
LaTeX Font Info:    Overwriting math alphabet `\mathtt' in version `normal'
(Font)                  OT1/cmtt/m/n --> OT1/lmtt/m/n on input line 34.
LaTeX Font Info:    Overwriting math alphabet `\mathbf' in version `bold'
(Font)                  OT1/cmr/bx/n --> OT1/lmr/bx/n on input line 35.
LaTeX Font Info:    Overwriting math alphabet `\mathsf' in version `bold'
(Font)                  OT1/cmss/bx/n --> OT1/lmss/bx/n on input line 36.
LaTeX Font Info:    Overwriting math alphabet `\mathit' in version `bold'
(Font)                  OT1/cmr/bx/it --> OT1/lmr/bx/it on input line 37.
LaTeX Font Info:    Overwriting math alphabet `\mathtt' in version `bold'
(Font)                  OT1/cmtt/m/n --> OT1/lmtt/m/n on input line 38.
)
("C:\Users\Admin\AppData\Local\Programs\MiKTeX 2.9\tex/latex/graphics\graphicx.
sty"
Package: graphicx 2017/06/01 v1.1a Enhanced LaTeX Graphics (DPC,SPQR)

("C:\Users\Admin\AppData\Local\Programs\MiKTeX 2.9\tex/latex/graphics\graphics.
sty"
Package: graphics 2017/06/25 v1.2c Standard LaTeX Graphics (DPC,SPQR)

("C:\Users\Admin\AppData\Local\Programs\MiKTeX 2.9\tex/latex/graphics\trig.sty"
Package: trig 2016/01/03 v1.10 sin cos tan (DPC)
)
("C:\Users\Admin\AppData\Local\Programs\MiKTeX 2.9\tex/latex/graphics-cfg\graph
ics.cfg"
File: graphics.cfg 2016/06/04 v1.11 sample graphics configuration
)
Package graphics Info: Driver file: pdftex.def on input line 99.

("C:\Users\Admin\AppData\Local\Programs\MiKTeX 2.9\tex/latex/graphics-def\pdfte
x.def"
File: pdftex.def 2018/01/08 v1.0l Graphics/color driver for pdftex
))
\Gin@req@height=\dimen116
\Gin@req@width=\dimen117
)
("C:\Users\Admin\AppData\Local\Programs\MiKTeX 2.9\tex/latex/svg\svg.sty"
Package: svg 2018/11/12 v2.02b (include SVG pictures)

("C:\Users\Admin\AppData\Local\Programs\MiKTeX 2.9\tex/latex/koma-script\scrbas
e.sty"
Package: scrbase 2019/02/01 v3.26b KOMA-Script package (KOMA-Script-independent
 basics and keyval usage)

("C:\Users\Admin\AppData\Local\Programs\MiKTeX 2.9\tex/latex/koma-script\scrlfi
le.sty"
Package: scrlfile 2019/02/01 v3.26b KOMA-Script package (loading files)
))
("C:\Users\Admin\AppData\Local\Programs\MiKTeX 2.9\tex/latex/tools\shellesc.sty
"
Package: shellesc 2016/06/07 v0.02a unified shell escape interface for LaTeX
Package shellesc Info: Unrestricted shell escape enabled on input line 67.
)
("C:\Users\Admin\AppData\Local\Programs\MiKTeX 2.9\tex/latex/trimspaces\trimspa
ces.sty"
Package: trimspaces 2009/09/17 v1.1 Trim spaces around a token list
)
\svg@box=\box27
\c@svg@param@lastpage=\count104
\c@svg@param@currpage=\count105

("C:\Users\Admin\AppData\Local\Programs\MiKTeX 2.9\tex/latex/ifplatform\ifplatf
orm.sty"
Package: ifplatform 2017/10/13 v0.4a Testing for the operating system

("C:\Users\Admin\AppData\Local\Programs\MiKTeX 2.9\tex/generic/oberdiek\catchfi
le.sty"
Package: catchfile 2016/05/16 v1.7 Catch the contents of a file (HO)
)))
("C:\Users\Admin\AppData\Local\Programs\MiKTeX 2.9\tex/latex/xcolor\xcolor.sty"
Package: xcolor 2016/05/11 v2.12 LaTeX color extensions (UK)

("C:\Users\Admin\AppData\Local\Programs\MiKTeX 2.9\tex/latex/graphics-cfg\color
.cfg"
File: color.cfg 2016/01/02 v1.6 sample color configuration
)
Package xcolor Info: Driver file: pdftex.def on input line 225.
Package xcolor Info: Model `cmy' substituted by `cmy0' on input line 1348.
Package xcolor Info: Model `hsb' substituted by `rgb' on input line 1352.
Package xcolor Info: Model `RGB' extended on input line 1364.
Package xcolor Info: Model `HTML' substituted by `rgb' on input line 1366.
Package xcolor Info: Model `Hsb' substituted by `hsb' on input line 1367.
Package xcolor Info: Model `tHsb' substituted by `hsb' on input line 1368.
Package xcolor Info: Model `HSB' substituted by `hsb' on input line 1369.
Package xcolor Info: Model `Gray' substituted by `gray' on input line 1370.
Package xcolor Info: Model `wave' substituted by `hsb' on input line 1371.
)
("C:\Users\Admin\AppData\Local\Programs\MiKTeX 2.9\tex/latex/oberdiek\transpare
nt.sty"
Package: transparent 2018/11/18 v1.3 Transparency via pdfTeX's color stack (HO)

)
("C:\Users\Admin\AppData\Local\Programs\MiKTeX 2.9\tex/latex/amsmath\amsmath.st
y"
Package: amsmath 2018/12/01 v2.17b AMS math features
\@mathmargin=\skip44

For additional information on amsmath, use the `?' option.

("C:\Users\Admin\AppData\Local\Programs\MiKTeX 2.9\tex/latex/amsmath\amstext.st
y"
Package: amstext 2000/06/29 v2.01 AMS text

("C:\Users\Admin\AppData\Local\Programs\MiKTeX 2.9\tex/latex/amsmath\amsgen.sty
"
File: amsgen.sty 1999/11/30 v2.0 generic functions
\@emptytoks=\toks18
\ex@=\dimen118
))
("C:\Users\Admin\AppData\Local\Programs\MiKTeX 2.9\tex/latex/amsmath\amsbsy.sty
"
Package: amsbsy 1999/11/29 v1.2d Bold Symbols
\pmbraise@=\dimen119
)
("C:\Users\Admin\AppData\Local\Programs\MiKTeX 2.9\tex/latex/amsmath\amsopn.sty
"
Package: amsopn 2016/03/08 v2.02 operator names
)
\inf@bad=\count106
LaTeX Info: Redefining \frac on input line 223.
\uproot@=\count107
\leftroot@=\count108
LaTeX Info: Redefining \overline on input line 385.
\classnum@=\count109
\DOTSCASE@=\count110
LaTeX Info: Redefining \ldots on input line 482.
LaTeX Info: Redefining \dots on input line 485.
LaTeX Info: Redefining \cdots on input line 606.
\Mathstrutbox@=\box28
\strutbox@=\box29
\big@size=\dimen120
LaTeX Font Info:    Redeclaring font encoding OML on input line 729.
LaTeX Font Info:    Redeclaring font encoding OMS on input line 730.
\macc@depth=\count111
\c@MaxMatrixCols=\count112
\dotsspace@=\muskip11
\c@parentequation=\count113
\dspbrk@lvl=\count114
\tag@help=\toks19
\row@=\count115
\column@=\count116
\maxfields@=\count117
\andhelp@=\toks20
\eqnshift@=\dimen121
\alignsep@=\dimen122
\tagshift@=\dimen123
\tagwidth@=\dimen124
\totwidth@=\dimen125
\lineht@=\dimen126
\@envbody=\toks21
\multlinegap=\skip45
\multlinetaggap=\skip46
\mathdisplay@stack=\toks22
LaTeX Info: Redefining \[ on input line 2844.
LaTeX Info: Redefining \] on input line 2845.
)
("C:\Users\Admin\AppData\Local\Programs\MiKTeX 2.9\tex/latex/amscls\amsthm.sty"
Package: amsthm 2017/10/31 v2.20.4
\thm@style=\toks23
\thm@bodyfont=\toks24
\thm@headfont=\toks25
\thm@notefont=\toks26
\thm@headpunct=\toks27
\thm@preskip=\skip47
\thm@postskip=\skip48
\thm@headsep=\skip49
\dth@everypar=\toks28
)
("C:\Users\Admin\AppData\Local\Programs\MiKTeX 2.9\tex/latex/amsfonts\amsfonts.
sty"
Package: amsfonts 2013/01/14 v3.01 Basic AMSFonts support
\symAMSa=\mathgroup4
\symAMSb=\mathgroup5
LaTeX Font Info:    Overwriting math alphabet `\mathfrak' in version `bold'
(Font)                  U/euf/m/n --> U/euf/b/n on input line 106.
)
("C:\Users\Admin\AppData\Local\Programs\MiKTeX 2.9\tex/latex/amsfonts\amssymb.s
ty"
Package: amssymb 2013/01/14 v3.01 AMS font symbols
)
("C:\Users\Admin\AppData\Local\Programs\MiKTeX 2.9\tex/latex/tools\multicol.sty
"
Package: multicol 2018/12/27 v1.8v multicolumn formatting (FMi)
\c@tracingmulticols=\count118
\mult@box=\box30
\multicol@leftmargin=\dimen127
\c@unbalance=\count119
\c@collectmore=\count120
\doublecol@number=\count121
\multicoltolerance=\count122
\multicolpretolerance=\count123
\full@width=\dimen128
\page@free=\dimen129
\premulticols=\dimen130
\postmulticols=\dimen131
\multicolsep=\skip50
\multicolbaselineskip=\skip51
\partial@page=\box31
\last@line=\box32
\maxbalancingoverflow=\dimen132
\mult@rightbox=\box33
\mult@grightbox=\box34
\mult@gfirstbox=\box35
\mult@firstbox=\box36
\@tempa=\box37
\@tempa=\box38
\@tempa=\box39
\@tempa=\box40
\@tempa=\box41
\@tempa=\box42
\@tempa=\box43
\@tempa=\box44
\@tempa=\box45
\@tempa=\box46
\@tempa=\box47
\@tempa=\box48
\@tempa=\box49
\@tempa=\box50
\@tempa=\box51
\@tempa=\box52
\@tempa=\box53
\c@columnbadness=\count124
\c@finalcolumnbadness=\count125
\last@try=\dimen133
\multicolovershoot=\dimen134
\multicolundershoot=\dimen135
\mult@nat@firstbox=\box54
\colbreak@box=\box55
\mc@col@check@num=\count126
) ("C:\Users\Admin\AppData\Local\Programs\MiKTeX 2.9\tex/latex/tools\calc.sty"
Package: calc 2017/05/25 v4.3 Infix arithmetic (KKT,FJ)
\calc@Acount=\count127
\calc@Bcount=\count128
\calc@Adimen=\dimen136
\calc@Bdimen=\dimen137
\calc@Askip=\skip52
\calc@Bskip=\skip53
LaTeX Info: Redefining \setlength on input line 80.
LaTeX Info: Redefining \addtolength on input line 81.
\calc@Ccount=\count129
\calc@Cskip=\skip54
) (DR.aux)
\openout1 = `DR.aux'.

LaTeX Font Info:    Checking defaults for OML/cmm/m/it on input line 25.
LaTeX Font Info:    ... okay on input line 25.
LaTeX Font Info:    Checking defaults for T1/cmr/m/n on input line 25.
LaTeX Font Info:    ... okay on input line 25.
LaTeX Font Info:    Checking defaults for OT1/cmr/m/n on input line 25.
LaTeX Font Info:    ... okay on input line 25.
LaTeX Font Info:    Checking defaults for OMS/cmsy/m/n on input line 25.
LaTeX Font Info:    ... okay on input line 25.
LaTeX Font Info:    Checking defaults for OMX/cmex/m/n on input line 25.
LaTeX Font Info:    ... okay on input line 25.
LaTeX Font Info:    Checking defaults for U/cmr/m/n on input line 25.
LaTeX Font Info:    ... okay on input line 25.
LaTeX Font Info:    Checking defaults for PD1/pdf/m/n on input line 25.
LaTeX Font Info:    ... okay on input line 25.
LaTeX Font Info:    Checking defaults for TS1/cmr/m/n on input line 25.
LaTeX Font Info:    Try loading font information for TS1+cmr on input line 25.

("C:\Users\Admin\AppData\Local\Programs\MiKTeX 2.9\tex/latex/base\ts1cmr.fd"
File: ts1cmr.fd 2014/09/29 v2.5h Standard LaTeX font definitions
)
LaTeX Font Info:    ... okay on input line 25.
LaTeX Font Info:    Try loading font information for OT1+lmr on input line 25.

("C:\Users\Admin\AppData\Local\Programs\MiKTeX 2.9\tex/latex/lm\ot1lmr.fd"
File: ot1lmr.fd 2009/10/30 v1.6 Font defs for Latin Modern
)
*geometry* driver: auto-detecting
*geometry* detected driver: pdftex
*geometry* verbose mode - [ preamble ] result:
* driver: pdftex
* paper: a4paper
* layout: <same size as paper>
* layoutoffset:(h,v)=(0.0pt,0.0pt)
* modes: twoside 
* h-part:(L,W,R)=(71.13188pt, 455.24411pt, 71.13188pt)
* v-part:(T,H,B)=(56.9055pt, 731.23584pt, 56.9055pt)
* \paperwidth=597.50787pt
* \paperheight=845.04684pt
* \textwidth=455.24411pt
* \textheight=731.23584pt
* \oddsidemargin=-1.1381pt
* \evensidemargin=-1.1381pt
* \topmargin=-47.23828pt
* \headheight=12.0pt
* \headsep=19.8738pt
* \topskip=11.0pt
* \footskip=27.46295pt
* \marginparwidth=106.0pt
* \marginparsep=7.0pt
* \columnsep=10.0pt
* \skip\footins=10.0pt plus 4.0pt minus 2.0pt
* \hoffset=0.0pt
* \voffset=0.0pt
* \mag=1000
* \@twocolumnfalse
* \@twosidetrue
* \@mparswitchtrue
* \@reversemarginfalse
* (1in=72.27pt=25.4mm, 1cm=28.453pt)

\AtBeginShipoutBox=\box56
Package hyperref Info: Link coloring OFF on input line 25.

("C:\Users\Admin\AppData\Local\Programs\MiKTeX 2.9\tex/latex/hyperref\nameref.s
ty"
Package: nameref 2016/05/21 v2.44 Cross-referencing by name of section

("C:\Users\Admin\AppData\Local\Programs\MiKTeX 2.9\tex/generic/oberdiek\gettitl
estring.sty"
Package: gettitlestring 2016/05/16 v1.5 Cleanup title references (HO)
)
\c@section@level=\count130
)
LaTeX Info: Redefining \ref on input line 25.
LaTeX Info: Redefining \pageref on input line 25.
LaTeX Info: Redefining \nameref on input line 25.
 (DR.out) (DR.out)
\@outlinefile=\write3
\openout3 = `DR.out'.


("C:\Users\Admin\AppData\Local\Programs\MiKTeX 2.9\tex/context/base/mkii\supp-p
df.mkii"
[Loading MPS to PDF converter (version 2006.09.02).]
\scratchcounter=\count131
\scratchdimen=\dimen138
\scratchbox=\box57
\nofMPsegments=\count132
\nofMParguments=\count133
\everyMPshowfont=\toks29
\MPscratchCnt=\count134
\MPscratchDim=\dimen139
\MPnumerator=\count135
\makeMPintoPDFobject=\count136
\everyMPtoPDFconversion=\toks30
)
("C:\Users\Admin\AppData\Local\Programs\MiKTeX 2.9\tex/latex/oberdiek\epstopdf-
base.sty"
Package: epstopdf-base 2016/05/15 v2.6 Base part for package epstopdf

("C:\Users\Admin\AppData\Local\Programs\MiKTeX 2.9\tex/latex/oberdiek\grfext.st
y"
Package: grfext 2016/05/16 v1.2 Manage graphics extensions (HO)
)
Package epstopdf-base Info: Redefining graphics rule for `.eps' on input line 4
38.
Package grfext Info: Graphics extension search list:
(grfext)             [.pdf,.png,.jpg,.mps,.jpeg,.jbig2,.jb2,.PDF,.PNG,.JPG,.JPE
G,.JBIG2,.JB2,.eps]
(grfext)             \AppendGraphicsExtensions on input line 456.
)
LaTeX Font Info:    Try loading font information for OML+lmm on input line 32.
 ("C:\Users\Admin\AppData\Local\Programs\MiKTeX 2.9\tex/latex/lm\omllmm.fd"
File: omllmm.fd 2009/10/30 v1.6 Font defs for Latin Modern
)
LaTeX Font Info:    Try loading font information for OMS+lmsy on input line 32.

 ("C:\Users\Admin\AppData\Local\Programs\MiKTeX 2.9\tex/latex/lm\omslmsy.fd"
File: omslmsy.fd 2009/10/30 v1.6 Font defs for Latin Modern
)
LaTeX Font Info:    Try loading font information for OMX+lmex on input line 32.


("C:\Users\Admin\AppData\Local\Programs\MiKTeX 2.9\tex/latex/lm\omxlmex.fd"
File: omxlmex.fd 2009/10/30 v1.6 Font defs for Latin Modern
)
LaTeX Font Info:    External font `lmex10' loaded for size
(Font)              <12> on input line 32.
LaTeX Font Info:    External font `lmex10' loaded for size
(Font)              <8> on input line 32.
LaTeX Font Info:    External font `lmex10' loaded for size
(Font)              <6> on input line 32.
LaTeX Font Info:    Try loading font information for U+msa on input line 32.

("C:\Users\Admin\AppData\Local\Programs\MiKTeX 2.9\tex/latex/amsfonts\umsa.fd"
File: umsa.fd 2013/01/14 v3.01 AMS symbols A
)
LaTeX Font Info:    Try loading font information for U+msb on input line 32.
("C:\Users\Admin\AppData\Local\Programs\MiKTeX 2.9\tex/latex/amsfonts\umsb.fd"
File: umsb.fd 2013/01/14 v3.01 AMS symbols B
) [1


{C:/Users/Admin/AppData/Local/MiKTeX/2.9/pdftex/config/pdftex.map}]
LaTeX Font Info:    Try loading font information for OT1+lmtt on input line 44.


("C:\Users\Admin\AppData\Local\Programs\MiKTeX 2.9\tex/latex/lm\ot1lmtt.fd"
File: ot1lmtt.fd 2009/10/30 v1.6 Font defs for Latin Modern
)
LaTeX Font Info:    External font `lmex10' loaded for size
(Font)              <10.95> on input line 44.

Underfull \hbox (badness 10000) in paragraph at lines 40--53

 []


Underfull \hbox (badness 10000) in paragraph at lines 40--53

 []


Overfull \hbox (8.60814pt too wide) in paragraph at lines 40--53
\OT1/lmr/m/n/10.95 Before you start, we highly rec-om-mend you read Se-bas-tian
o's FMC guide (at []$\OT1/lmtt/m/n/10.95 https : / / fmcsolves .
 []


Underfull \hbox (badness 10000) in paragraph at lines 40--53

 []


Underfull \hbox (badness 10000) in paragraph at lines 40--53

 []

[2] (DR.toc)
\tf@toc=\write4
\openout4 = `DR.toc'.

 [3

]
Underfull \hbox (badness 10000) in paragraph at lines 61--78

 []


Underfull \hbox (badness 10000) in paragraph at lines 61--78

 []


Underfull \hbox (badness 10000) in paragraph at lines 61--78

 []


Underfull \hbox (badness 10000) in paragraph at lines 61--78

 []

[4]
Chapter 1.

Underfull \hbox (badness 10000) in paragraph at lines 88--89

 []

LaTeX Font Info:    External font `lmex10' loaded for size
(Font)              <9> on input line 92.
LaTeX Font Info:    External font `lmex10' loaded for size
(Font)              <5> on input line 92.
LaTeX Font Info:    Try loading font information for TS1+lmtt on input line 96.

("C:\Users\Admin\AppData\Local\Programs\MiKTeX 2.9\tex/latex/lm\ts1lmtt.fd"
File: ts1lmtt.fd 2009/10/30 v1.6 Font defs for Latin Modern
)

Package svg Warning: You should specify the image size with parameters
(svg)                `width' and `height' or `scale' instead of using
(svg)                `\svgscale' or `\svgwidth' on input line 109.

Package svg Info: Last page of `./svg-inkscape/FS_svg-tex.pdf' is 1 on input li
ne 109.
(svg-inkscape/FS_svg-tex.pdf_tex
<./svg-inkscape/FS_svg-tex.pdf, id=176, page=1, 150.5625pt x 150.5625pt>
File: ./svg-inkscape/FS_svg-tex.pdf Graphic file (type pdf)
<use ./svg-inkscape/FS_svg-tex.pdf, page 1>
Package pdftex.def Info: ./svg-inkscape/FS_svg-tex.pdf , page1 used on input li
ne 56.
(pdftex.def)             Requested size: 113.81102pt x 113.81526pt.
)
Underfull \hbox (badness 10000) in paragraph at lines 92--119

 []


Package svg Warning: You should specify the image size with parameters
(svg)                `width' and `height' or `scale' instead of using
(svg)                `\svgscale' or `\svgwidth' on input line 140.

Package svg Info: Last page of `./svg-inkscape/SS_svg-tex.pdf' is 1 on input li
ne 140.
(svg-inkscape/SS_svg-tex.pdf_tex
<./svg-inkscape/SS_svg-tex.pdf, id=178, page=1, 150.5625pt x 150.5625pt>
File: ./svg-inkscape/SS_svg-tex.pdf Graphic file (type pdf)
<use ./svg-inkscape/SS_svg-tex.pdf, page 1>
Package pdftex.def Info: ./svg-inkscape/SS_svg-tex.pdf , page1 used on input li
ne 56.
(pdftex.def)             Requested size: 113.81102pt x 113.81526pt.
) [5

 <./svg-inkscape/FS_svg-tex.pdf> <./svg-inkscape/SS_svg-tex.pdf

pdfTeX warning: pdflatex (file ./svg-inkscape/SS_svg-tex.pdf): PDF inclusion: m
ultiple pdfs with page group included in a single page
>]
Chapter 2.
LaTeX Font Info:    Try loading font information for TS1+lmr on input line 163.

("C:\Users\Admin\AppData\Local\Programs\MiKTeX 2.9\tex/latex/lm\ts1lmr.fd"
File: ts1lmr.fd 2009/10/30 v1.6 Font defs for Latin Modern
)
Underfull \hbox (badness 10000) in paragraph at lines 167--169

 []


Package svg Warning: You should specify the image size with parameters
(svg)                `width' and `height' or `scale' instead of using
(svg)                `\svgscale' or `\svgwidth' on input line 187.

Package svg Info: Last page of `./svg-inkscape/WV_svg-tex.pdf' is 1 on input li
ne 187.
(svg-inkscape/WV_svg-tex.pdf_tex
<./svg-inkscape/WV_svg-tex.pdf, id=191, page=1, 150.5625pt x 150.5625pt>
File: ./svg-inkscape/WV_svg-tex.pdf Graphic file (type pdf)
<use ./svg-inkscape/WV_svg-tex.pdf, page 1>
Package pdftex.def Info: ./svg-inkscape/WV_svg-tex.pdf , page1 used on input li
ne 56.
(pdftex.def)             Requested size: 113.81102pt x 113.81526pt.
)
Underfull \hbox (badness 10000) in paragraph at lines 171--196

 []

[6

 <./svg-inkscape/WV_svg-tex.pdf>]

Package svg Warning: You should specify the image size with parameters
(svg)                `width' and `height' or `scale' instead of using
(svg)                `\svgscale' or `\svgwidth' on input line 215.

Package svg Info: Last page of `./svg-inkscape/F2L_svg-tex.pdf' is 1 on input l
ine 215.
(svg-inkscape/F2L_svg-tex.pdf_tex
<./svg-inkscape/F2L_svg-tex.pdf, id=200, page=1, 150.5625pt x 150.5625pt>
File: ./svg-inkscape/F2L_svg-tex.pdf Graphic file (type pdf)
<use ./svg-inkscape/F2L_svg-tex.pdf, page 1>
Package pdftex.def Info: ./svg-inkscape/F2L_svg-tex.pdf , page1 used on input l
ine 56.
(pdftex.def)             Requested size: 113.81102pt x 113.81526pt.
)
Underfull \hbox (badness 10000) in paragraph at lines 198--222

 []


Package svg Warning: You should specify the image size with parameters
(svg)                `width' and `height' or `scale' instead of using
(svg)                `\svgscale' or `\svgwidth' on input line 241.

Package svg Info: Last page of `./svg-inkscape/CB_svg-tex.pdf' is 1 on input li
ne 241.
(svg-inkscape/CB_svg-tex.pdf_tex
<./svg-inkscape/CB_svg-tex.pdf, id=202, page=1, 150.5625pt x 150.5625pt>
File: ./svg-inkscape/CB_svg-tex.pdf Graphic file (type pdf)
<use ./svg-inkscape/CB_svg-tex.pdf, page 1>
Package pdftex.def Info: ./svg-inkscape/CB_svg-tex.pdf , page1 used on input li
ne 56.
(pdftex.def)             Requested size: 113.81102pt x 113.81526pt.
)
Underfull \hbox (badness 10000) in paragraph at lines 224--248

 []


Package svg Warning: You should specify the image size with parameters
(svg)                `width' and `height' or `scale' instead of using
(svg)                `\svgscale' or `\svgwidth' on input line 265.

Package svg Info: Last page of `./svg-inkscape/CS_svg-tex.pdf' is 1 on input li
ne 265.
(svg-inkscape/CS_svg-tex.pdf_tex
<./svg-inkscape/CS_svg-tex.pdf, id=204, page=1, 150.5625pt x 150.5625pt>
File: ./svg-inkscape/CS_svg-tex.pdf Graphic file (type pdf)
<use ./svg-inkscape/CS_svg-tex.pdf, page 1>
Package pdftex.def Info: ./svg-inkscape/CS_svg-tex.pdf , page1 used on input li
ne 56.
(pdftex.def)             Requested size: 113.81102pt x 113.81526pt.
)
Underfull \hbox (badness 10000) in paragraph at lines 250--277

 []


Package svg Warning: You should specify the image size with parameters
(svg)                `width' and `height' or `scale' instead of using
(svg)                `\svgscale' or `\svgwidth' on input line 296.

Package svg Info: Last page of `./svg-inkscape/FS_svg-tex.pdf' is 1 on input li
ne 296.
(svg-inkscape/FS_svg-tex.pdf_tex
File: ./svg-inkscape/FS_svg-tex.pdf Graphic file (type pdf)
<use ./svg-inkscape/FS_svg-tex.pdf, page 1>
Package pdftex.def Info: ./svg-inkscape/FS_svg-tex.pdf , page1 used on input li
ne 56.
(pdftex.def)             Requested size: 113.81102pt x 113.81526pt.
)
Underfull \hbox (badness 10000) in paragraph at lines 279--319

 []


Underfull \hbox (badness 10000) in paragraph at lines 279--319

 []


Underfull \hbox (badness 10000) in paragraph at lines 279--319

 []

[7 <./svg-inkscape/F2L_svg-tex.pdf> <./svg-inkscape/CB_svg-tex.pdf

pdfTeX warning: pdflatex (file ./svg-inkscape/CB_svg-tex.pdf): PDF inclusion: m
ultiple pdfs with page group included in a single page
> <./svg-inkscape/CS_svg-tex.pdf

pdfTeX warning: pdflatex (file ./svg-inkscape/CS_svg-tex.pdf): PDF inclusion: m
ultiple pdfs with page group included in a single page
>]
Underfull \hbox (badness 10000) in paragraph at lines 319--328

 []


Underfull \hbox (badness 10000) in paragraph at lines 329--331

 []


Package svg Warning: You should specify the image size with parameters
(svg)                `width' and `height' or `scale' instead of using
(svg)                `\svgscale' or `\svgwidth' on input line 350.

Package svg Info: Last page of `./svg-inkscape/SS_svg-tex.pdf' is 1 on input li
ne 350.
(svg-inkscape/SS_svg-tex.pdf_tex
File: ./svg-inkscape/SS_svg-tex.pdf Graphic file (type pdf)
<use ./svg-inkscape/SS_svg-tex.pdf, page 1>
Package pdftex.def Info: ./svg-inkscape/SS_svg-tex.pdf , page1 used on input li
ne 56.
(pdftex.def)             Requested size: 113.81102pt x 113.81526pt.
)
Underfull \hbox (badness 10000) in paragraph at lines 333--367

 []


Underfull \hbox (badness 10000) in paragraph at lines 333--367

 []


Underfull \hbox (badness 10000) in paragraph at lines 333--367

 []


Underfull \hbox (badness 10000) in paragraph at lines 370--372

 []

[8]
Underfull \hbox (badness 10000) in paragraph at lines 375--382

 []


Underfull \hbox (badness 10000) in paragraph at lines 375--382

 []


Underfull \hbox (badness 10000) in paragraph at lines 375--382

 []


Package svg Warning: You should specify the image size with parameters
(svg)                `width' and `height' or `scale' instead of using
(svg)                `\svgscale' or `\svgwidth' on input line 401.

Package svg Info: Last page of `./svg-inkscape/PDR1_svg-tex.pdf' is 1 on input 
line 401.
(svg-inkscape/PDR1_svg-tex.pdf_tex
<./svg-inkscape/PDR1_svg-tex.pdf, id=222, page=1, 150.5625pt x 150.5625pt>
File: ./svg-inkscape/PDR1_svg-tex.pdf Graphic file (type pdf)
<use ./svg-inkscape/PDR1_svg-tex.pdf, page 1>
Package pdftex.def Info: ./svg-inkscape/PDR1_svg-tex.pdf , page1 used on input 
line 56.
(pdftex.def)             Requested size: 113.81102pt x 113.81526pt.
)
Underfull \hbox (badness 10000) in paragraph at lines 408--409

 []


Package svg Warning: You should specify the image size with parameters
(svg)                `width' and `height' or `scale' instead of using
(svg)                `\svgscale' or `\svgwidth' on input line 426.

Package svg Info: Last page of `./svg-inkscape/BSS_svg-tex.pdf' is 1 on input l
ine 426.
(svg-inkscape/BSS_svg-tex.pdf_tex
<./svg-inkscape/BSS_svg-tex.pdf, id=224, page=1, 150.5625pt x 150.5625pt>
File: ./svg-inkscape/BSS_svg-tex.pdf Graphic file (type pdf)
<use ./svg-inkscape/BSS_svg-tex.pdf, page 1>
Package pdftex.def Info: ./svg-inkscape/BSS_svg-tex.pdf , page1 used on input l
ine 56.
(pdftex.def)             Requested size: 113.81102pt x 113.81526pt.
)
Underfull \hbox (badness 10000) in paragraph at lines 411--444

 []


Underfull \hbox (badness 10000) in paragraph at lines 411--444

 []

[9 <./svg-inkscape/PDR1_svg-tex.pdf> <./svg-inkscape/BSS_svg-tex.pdf

pdfTeX warning: pdflatex (file ./svg-inkscape/BSS_svg-tex.pdf): PDF inclusion: 
multiple pdfs with page group included in a single page
>]
Underfull \hbox (badness 10000) in paragraph at lines 447--448

 []


Package svg Warning: You should specify the image size with parameters
(svg)                `width' and `height' or `scale' instead of using
(svg)                `\svgscale' or `\svgwidth' on input line 466.

Package svg Info: Last page of `./svg-inkscape/2BC_svg-tex.pdf' is 1 on input l
ine 466.
(svg-inkscape/2BC_svg-tex.pdf_tex
<./svg-inkscape/2BC_svg-tex.pdf, id=234, page=1, 150.5625pt x 150.5625pt>
File: ./svg-inkscape/2BC_svg-tex.pdf Graphic file (type pdf)
<use ./svg-inkscape/2BC_svg-tex.pdf, page 1>
Package pdftex.def Info: ./svg-inkscape/2BC_svg-tex.pdf , page1 used on input l
ine 56.
(pdftex.def)             Requested size: 113.81102pt x 113.81526pt.
)
Underfull \hbox (badness 10000) in paragraph at lines 450--484

 []


Underfull \hbox (badness 10000) in paragraph at lines 488--493

 []

[10 <./svg-inkscape/2BC_svg-tex.pdf>]
Chapter 3.

Underfull \hbox (badness 10000) in paragraph at lines 497--507

 []


Underfull \hbox (badness 10000) in paragraph at lines 497--507

 []


Underfull \hbox (badness 10000) in paragraph at lines 497--507

 []


Underfull \hbox (badness 10000) in paragraph at lines 511--521

 []


Underfull \hbox (badness 10000) in paragraph at lines 511--521

 []


Package svg Warning: You should specify the image size with parameters
(svg)                `width' and `height' or `scale' instead of using
(svg)                `\svgscale' or `\svgwidth' on input line 542.

Package svg Info: Last page of `./svg-inkscape/CO1_svg-tex.pdf' is 1 on input l
ine 542.
(svg-inkscape/CO1_svg-tex.pdf_tex
<./svg-inkscape/CO1_svg-tex.pdf, id=243, page=1, 150.5625pt x 150.5625pt>
File: ./svg-inkscape/CO1_svg-tex.pdf Graphic file (type pdf)
<use ./svg-inkscape/CO1_svg-tex.pdf, page 1>
Package pdftex.def Info: ./svg-inkscape/CO1_svg-tex.pdf , page1 used on input l
ine 56.
(pdftex.def)             Requested size: 113.81102pt x 113.81526pt.
)
Underfull \hbox (badness 10000) in paragraph at lines 523--549

 []

[11

 <./svg-inkscape/CO1_svg-tex.pdf>]
Underfull \hbox (badness 10000) in paragraph at lines 550--581

 []


Underfull \hbox (badness 10000) in paragraph at lines 550--581

 []


Underfull \hbox (badness 10000) in paragraph at lines 550--581

 []


Underfull \hbox (badness 10000) in paragraph at lines 550--581

 []


Underfull \hbox (badness 10000) in paragraph at lines 550--581

 []


Underfull \hbox (badness 10000) in paragraph at lines 550--581

 []


Underfull \hbox (badness 10000) in paragraph at lines 550--581

 []


Underfull \hbox (badness 10000) in paragraph at lines 550--581

 []


Underfull \hbox (badness 10000) in paragraph at lines 550--581

 []


Package svg Warning: You should specify the image size with parameters
(svg)                `width' and `height' or `scale' instead of using
(svg)                `\svgscale' or `\svgwidth' on input line 604.

Package svg Info: Last page of `./svg-inkscape/CO2_svg-tex.pdf' is 1 on input l
ine 604.
(svg-inkscape/CO2_svg-tex.pdf_tex
<./svg-inkscape/CO2_svg-tex.pdf, id=251, page=1, 150.5625pt x 150.5625pt>
File: ./svg-inkscape/CO2_svg-tex.pdf Graphic file (type pdf)
<use ./svg-inkscape/CO2_svg-tex.pdf, page 1>
Package pdftex.def Info: ./svg-inkscape/CO2_svg-tex.pdf , page1 used on input l
ine 56.
(pdftex.def)             Requested size: 113.81102pt x 113.81526pt.
)
Underfull \hbox (badness 10000) in paragraph at lines 583--628

 []


Underfull \hbox (badness 10000) in paragraph at lines 583--628

 []


Underfull \hbox (badness 10000) in paragraph at lines 583--628

 []

[12 <./svg-inkscape/CO2_svg-tex.pdf>]

Package svg Warning: You should specify the image size with parameters
(svg)                `width' and `height' or `scale' instead of using
(svg)                `\svgscale' or `\svgwidth' on input line 648.

Package svg Info: Last page of `./svg-inkscape/CO3_svg-tex.pdf' is 1 on input l
ine 648.
(svg-inkscape/CO3_svg-tex.pdf_tex
<./svg-inkscape/CO3_svg-tex.pdf, id=260, page=1, 150.5625pt x 150.5625pt>
File: ./svg-inkscape/CO3_svg-tex.pdf Graphic file (type pdf)
<use ./svg-inkscape/CO3_svg-tex.pdf, page 1>
Package pdftex.def Info: ./svg-inkscape/CO3_svg-tex.pdf , page1 used on input l
ine 56.
(pdftex.def)             Requested size: 113.81102pt x 113.81526pt.
)
Underfull \hbox (badness 10000) in paragraph at lines 630--659

 []


Underfull \hbox (badness 10000) in paragraph at lines 630--659

 []


Underfull \hbox (badness 10000) in paragraph at lines 663--672

 []


Underfull \hbox (badness 10000) in paragraph at lines 663--672

 []


Underfull \hbox (badness 10000) in paragraph at lines 663--672

 []


Underfull \hbox (badness 10000) in paragraph at lines 663--672

 []


Package svg Warning: You should specify the image size with parameters
(svg)                `width' and `height' or `scale' instead of using
(svg)                `\svgscale' or `\svgwidth' on input line 690.

Package svg Info: Last page of `./svg-inkscape/SH_svg-tex.pdf' is 1 on input li
ne 690.
(svg-inkscape/SH_svg-tex.pdf_tex
<./svg-inkscape/SH_svg-tex.pdf, id=262, page=1, 150.5625pt x 150.5625pt>
File: ./svg-inkscape/SH_svg-tex.pdf Graphic file (type pdf)
<use ./svg-inkscape/SH_svg-tex.pdf, page 1>
Package pdftex.def Info: ./svg-inkscape/SH_svg-tex.pdf , page1 used on input li
ne 56.
(pdftex.def)             Requested size: 113.81102pt x 113.81526pt.
)
Underfull \hbox (badness 10000) in paragraph at lines 674--701

 []


Underfull \hbox (badness 10000) in paragraph at lines 674--701

 []

[13 <./svg-inkscape/CO3_svg-tex.pdf> <./svg-inkscape/SH_svg-tex.pdf

pdfTeX warning: pdflatex (file ./svg-inkscape/SH_svg-tex.pdf): PDF inclusion: m
ultiple pdfs with page group included in a single page
>]
Underfull \hbox (badness 10000) in paragraph at lines 704--715

 []


Underfull \hbox (badness 10000) in paragraph at lines 704--715

 []


Underfull \hbox (badness 10000) in paragraph at lines 704--715

 []


Underfull \hbox (badness 10000) in paragraph at lines 704--715

 []


Package svg Warning: You should specify the image size with parameters
(svg)                `width' and `height' or `scale' instead of using
(svg)                `\svgscale' or `\svgwidth' on input line 733.

Package svg Info: Last page of `./svg-inkscape/EF_svg-tex.pdf' is 1 on input li
ne 733.
(svg-inkscape/EF_svg-tex.pdf_tex
<./svg-inkscape/EF_svg-tex.pdf, id=272, page=1, 150.5625pt x 150.5625pt>
File: ./svg-inkscape/EF_svg-tex.pdf Graphic file (type pdf)
<use ./svg-inkscape/EF_svg-tex.pdf, page 1>
Package pdftex.def Info: ./svg-inkscape/EF_svg-tex.pdf , page1 used on input li
ne 56.
(pdftex.def)             Requested size: 113.81102pt x 113.81526pt.
)
Underfull \hbox (badness 10000) in paragraph at lines 717--742

 []

[14 <./svg-inkscape/EF_svg-tex.pdf>]
Chapter 4.

Underfull \hbox (badness 10000) in paragraph at lines 745--751

 []


Underfull \hbox (badness 10000) in paragraph at lines 745--751

 []


Underfull \hbox (badness 10000) in paragraph at lines 755--756

 []


Package svg Warning: You should specify the image size with parameters
(svg)                `width' and `height' or `scale' instead of using
(svg)                `\svgscale' or `\svgwidth' on input line 780.

Package svg Info: Last page of `./svg-inkscape/NS_svg-tex.pdf' is 1 on input li
ne 780.
(svg-inkscape/NS_svg-tex.pdf_tex
<./svg-inkscape/NS_svg-tex.pdf, id=280, page=1, 150.5625pt x 150.5625pt>
File: ./svg-inkscape/NS_svg-tex.pdf Graphic file (type pdf)
<use ./svg-inkscape/NS_svg-tex.pdf, page 1>
Package pdftex.def Info: ./svg-inkscape/NS_svg-tex.pdf , page1 used on input li
ne 56.
(pdftex.def)             Requested size: 113.81102pt x 113.81526pt.
)
Overfull \hbox (11.74017pt too wide) in paragraph at lines 758--794
[][] \OT1/lmr/m/n/9 Setup
 []


Underfull \hbox (badness 10000) in paragraph at lines 758--794

 []


Underfull \hbox (badness 10000) in paragraph at lines 758--794

 []


Underfull \hbox (badness 10000) in paragraph at lines 798--803

 []


Underfull \hbox (badness 10000) in paragraph at lines 798--803

 []


Underfull \hbox (badness 10000) in paragraph at lines 798--803

 []

[15

 <./svg-inkscape/NS_svg-tex.pdf>]

Package svg Warning: You should specify the image size with parameters
(svg)                `width' and `height' or `scale' instead of using
(svg)                `\svgscale' or `\svgwidth' on input line 823.

Package svg Info: Last page of `./svg-inkscape/SS_svg-tex.pdf' is 1 on input li
ne 823.
(svg-inkscape/SS_svg-tex.pdf_tex
File: ./svg-inkscape/SS_svg-tex.pdf Graphic file (type pdf)
<use ./svg-inkscape/SS_svg-tex.pdf, page 1>
Package pdftex.def Info: ./svg-inkscape/SS_svg-tex.pdf , page1 used on input li
ne 56.
(pdftex.def)             Requested size: 113.81102pt x 113.81526pt.
)
Underfull \hbox (badness 10000) in paragraph at lines 805--838

 []


Underfull \hbox (badness 10000) in paragraph at lines 805--838

 []


Underfull \hbox (badness 10000) in paragraph at lines 805--838

 []


Underfull \hbox (badness 10000) in paragraph at lines 842--857

 []


Underfull \hbox (badness 10000) in paragraph at lines 842--857

 []


Underfull \hbox (badness 10000) in paragraph at lines 842--857

 []

[16]

Package svg Warning: You should specify the image size with parameters
(svg)                `width' and `height' or `scale' instead of using
(svg)                `\svgscale' or `\svgwidth' on input line 878.

Package svg Info: Last page of `./svg-inkscape/BB_svg-tex.pdf' is 1 on input li
ne 878.
(svg-inkscape/BB_svg-tex.pdf_tex
<./svg-inkscape/BB_svg-tex.pdf, id=295, page=1, 150.5625pt x 150.5625pt>
File: ./svg-inkscape/BB_svg-tex.pdf Graphic file (type pdf)
<use ./svg-inkscape/BB_svg-tex.pdf, page 1>
Package pdftex.def Info: ./svg-inkscape/BB_svg-tex.pdf , page1 used on input li
ne 56.
(pdftex.def)             Requested size: 113.81102pt x 113.81526pt.
)
Underfull \hbox (badness 10000) in paragraph at lines 860--910

 []


Underfull \hbox (badness 10000) in paragraph at lines 860--910

 []


Underfull \hbox (badness 10000) in paragraph at lines 860--910

 []


Underfull \hbox (badness 10000) in paragraph at lines 860--910

 []


Underfull \hbox (badness 10000) in paragraph at lines 860--910

 []


Underfull \hbox (badness 10000) in paragraph at lines 860--910

 []


Underfull \hbox (badness 10000) in paragraph at lines 860--910

 []


Underfull \hbox (badness 10000) in paragraph at lines 912--921

 []


Underfull \hbox (badness 10000) in paragraph at lines 912--921

 []


Underfull \hbox (badness 10000) in paragraph at lines 912--921

 []

[17 <./svg-inkscape/BB_svg-tex.pdf>]
Underfull \hbox (badness 10000) in paragraph at lines 941--943

 []


Underfull \hbox (badness 10000) in paragraph at lines 941--943

 []


Package svg Warning: You should specify the image size with parameters
(svg)                `width' and `height' or `scale' instead of using
(svg)                `\svgscale' or `\svgwidth' on input line 947.

Package svg Info: Last page of `./svg-inkscape/HTR1_svg-tex.pdf' is 1 on input 
line 947.
(svg-inkscape/HTR1_svg-tex.pdf_tex
<./svg-inkscape/HTR1_svg-tex.pdf, id=304, page=1, 150.5625pt x 150.5625pt>
File: ./svg-inkscape/HTR1_svg-tex.pdf Graphic file (type pdf)
<use ./svg-inkscape/HTR1_svg-tex.pdf, page 1>
Package pdftex.def Info: ./svg-inkscape/HTR1_svg-tex.pdf , page1 used on input 
line 56.
(pdftex.def)             Requested size: 113.81102pt x 113.81526pt.
)
Underfull \hbox (badness 10000) in paragraph at lines 923--969

 []


Underfull \hbox (badness 10000) in paragraph at lines 923--969

 []


Underfull \hbox (badness 10000) in paragraph at lines 923--969

 []


Underfull \hbox (badness 10000) in paragraph at lines 923--969

 []


Underfull \hbox (badness 10000) in paragraph at lines 923--969

 []


Package svg Warning: You should specify the image size with parameters
(svg)                `width' and `height' or `scale' instead of using
(svg)                `\svgscale' or `\svgwidth' on input line 989.

Package svg Info: Last page of `./svg-inkscape/BB_svg-tex.pdf' is 1 on input li
ne 989.
(svg-inkscape/BB_svg-tex.pdf_tex
File: ./svg-inkscape/BB_svg-tex.pdf Graphic file (type pdf)
<use ./svg-inkscape/BB_svg-tex.pdf, page 1>
Package pdftex.def Info: ./svg-inkscape/BB_svg-tex.pdf , page1 used on input li
ne 56.
(pdftex.def)             Requested size: 113.81102pt x 113.81526pt.
) [18 <./svg-inkscape/HTR1_svg-tex.pdf>]
Underfull \hbox (badness 10000) in paragraph at lines 997--1007

 []


Underfull \hbox (badness 10000) in paragraph at lines 997--1007

 []


Underfull \hbox (badness 10000) in paragraph at lines 997--1007

 []


Package svg Warning: You should specify the image size with parameters
(svg)                `width' and `height' or `scale' instead of using
(svg)                `\svgscale' or `\svgwidth' on input line 1028.

Package svg Info: Last page of `./svg-inkscape/HTR3_svg-tex.pdf' is 1 on input 
line 1028.
(svg-inkscape/HTR3_svg-tex.pdf_tex
<./svg-inkscape/HTR3_svg-tex.pdf, id=313, page=1, 150.5625pt x 150.5625pt>
File: ./svg-inkscape/HTR3_svg-tex.pdf Graphic file (type pdf)
<use ./svg-inkscape/HTR3_svg-tex.pdf, page 1>
Package pdftex.def Info: ./svg-inkscape/HTR3_svg-tex.pdf , page1 used on input 
line 56.
(pdftex.def)             Requested size: 113.81102pt x 113.81526pt.
) [19 <./svg-inkscape/HTR3_svg-tex.pdf>]
Chapter 5.

Underfull \hbox (badness 10000) in paragraph at lines 1044--1046

 []


Underfull \hbox (badness 10000) in paragraph at lines 1060--1061

 []


Underfull \hbox (badness 10000) in paragraph at lines 1064--1067

 []


Underfull \hbox (badness 10000) in paragraph at lines 1064--1067

 []


Underfull \hbox (badness 10000) in paragraph at lines 1073--1074

 []

[20

]
Underfull \hbox (badness 10000) in paragraph at lines 1075--1077

 []


Underfull \hbox (badness 10000) in paragraph at lines 1081--1110

 []


Underfull \hbox (badness 10000) in paragraph at lines 1081--1110

 []


Underfull \hbox (badness 10000) in paragraph at lines 1081--1110

 []


Underfull \hbox (badness 10000) in paragraph at lines 1081--1110

 []


Underfull \hbox (badness 10000) in paragraph at lines 1081--1110

 []


Underfull \hbox (badness 10000) in paragraph at lines 1081--1110

 []


Package svg Warning: You should specify the image size with parameters
(svg)                `width' and `height' or `scale' instead of using
(svg)                `\svgscale' or `\svgwidth' on input line 1131.

Package svg Info: Last page of `./svg-inkscape/EE_svg-tex.pdf' is 1 on input li
ne 1131.
(svg-inkscape/EE_svg-tex.pdf_tex
<./svg-inkscape/EE_svg-tex.pdf, id=327, page=1, 150.5625pt x 150.5625pt>
File: ./svg-inkscape/EE_svg-tex.pdf Graphic file (type pdf)
<use ./svg-inkscape/EE_svg-tex.pdf, page 1>
Package pdftex.def Info: ./svg-inkscape/EE_svg-tex.pdf , page1 used on input li
ne 56.
(pdftex.def)             Requested size: 113.81102pt x 113.81526pt.
)
Underfull \hbox (badness 10000) in paragraph at lines 1112--1143

 []


Underfull \hbox (badness 10000) in paragraph at lines 1112--1143

 []


Underfull \hbox (badness 10000) in paragraph at lines 1112--1143

 []

[21 <./svg-inkscape/EE_svg-tex.pdf>]
Underfull \hbox (badness 10000) in paragraph at lines 1146--1163

 []


Underfull \hbox (badness 10000) in paragraph at lines 1146--1163

 []


Underfull \hbox (badness 10000) in paragraph at lines 1146--1163

 []


Underfull \hbox (badness 10000) in paragraph at lines 1146--1163

 []


Underfull \hbox (badness 10000) in paragraph at lines 1146--1163

 []


Package svg Warning: You should specify the image size with parameters
(svg)                `width' and `height' or `scale' instead of using
(svg)                `\svgscale' or `\svgwidth' on input line 1183.

Package svg Info: Last page of `./svg-inkscape/SE_svg-tex.pdf' is 1 on input li
ne 1183.
(svg-inkscape/SE_svg-tex.pdf_tex
<./svg-inkscape/SE_svg-tex.pdf, id=336, page=1, 150.5625pt x 150.5625pt>
File: ./svg-inkscape/SE_svg-tex.pdf Graphic file (type pdf)
<use ./svg-inkscape/SE_svg-tex.pdf, page 1>
Package pdftex.def Info: ./svg-inkscape/SE_svg-tex.pdf , page1 used on input li
ne 56.
(pdftex.def)             Requested size: 113.81102pt x 113.81526pt.
)
Underfull \hbox (badness 10000) in paragraph at lines 1166--1218

 []


Underfull \hbox (badness 10000) in paragraph at lines 1166--1218

 []


Underfull \hbox (badness 10000) in paragraph at lines 1166--1218

 []


Underfull \hbox (badness 10000) in paragraph at lines 1166--1218

 []


Underfull \hbox (badness 10000) in paragraph at lines 1166--1218

 []


Underfull \hbox (badness 10000) in paragraph at lines 1166--1218

 []


Underfull \hbox (badness 10000) in paragraph at lines 1166--1218

 []


Underfull \hbox (badness 10000) in paragraph at lines 1166--1218

 []


Underfull \hbox (badness 10000) in paragraph at lines 1166--1218

 []


Underfull \hbox (badness 10000) in paragraph at lines 1166--1218

 []

[22 <./svg-inkscape/SE_svg-tex.pdf>]
Underfull \hbox (badness 10000) in paragraph at lines 1236--1238

 []


Package svg Warning: You should specify the image size with parameters
(svg)                `width' and `height' or `scale' instead of using
(svg)                `\svgscale' or `\svgwidth' on input line 1242.

Package svg Info: Last page of `./svg-inkscape/SE2_svg-tex.pdf' is 1 on input l
ine 1242.
(svg-inkscape/SE2_svg-tex.pdf_tex
<./svg-inkscape/SE2_svg-tex.pdf, id=344, page=1, 150.5625pt x 150.5625pt>
File: ./svg-inkscape/SE2_svg-tex.pdf Graphic file (type pdf)
<use ./svg-inkscape/SE2_svg-tex.pdf, page 1>
Package pdftex.def Info: ./svg-inkscape/SE2_svg-tex.pdf , page1 used on input l
ine 56.
(pdftex.def)             Requested size: 113.81102pt x 113.81526pt.
)
Underfull \hbox (badness 10000) in paragraph at lines 1220--1258

 []


Underfull \hbox (badness 10000) in paragraph at lines 1220--1258

 []


Underfull \hbox (badness 10000) in paragraph at lines 1220--1258

 []


Underfull \hbox (badness 10000) in paragraph at lines 1220--1258

 []


Underfull \hbox (badness 10000) in paragraph at lines 1277--1279

 []


Package svg Warning: You should specify the image size with parameters
(svg)                `width' and `height' or `scale' instead of using
(svg)                `\svgscale' or `\svgwidth' on input line 1283.

Package svg Info: Last page of `./svg-inkscape/SE3_svg-tex.pdf' is 1 on input l
ine 1283.
(svg-inkscape/SE3_svg-tex.pdf_tex
<./svg-inkscape/SE3_svg-tex.pdf, id=346, page=1, 150.5625pt x 150.5625pt>
File: ./svg-inkscape/SE3_svg-tex.pdf Graphic file (type pdf)
<use ./svg-inkscape/SE3_svg-tex.pdf, page 1>
Package pdftex.def Info: ./svg-inkscape/SE3_svg-tex.pdf , page1 used on input l
ine 56.
(pdftex.def)             Requested size: 113.81102pt x 113.81526pt.
) [23 <./svg-inkscape/SE2_svg-tex.pdf> <./svg-inkscape/SE3_svg-tex.pdf

pdfTeX warning: pdflatex (file ./svg-inkscape/SE3_svg-tex.pdf): PDF inclusion: 
multiple pdfs with page group included in a single page
>]
Underfull \hbox (badness 10000) in paragraph at lines 1291--1303

 []


Underfull \hbox (badness 10000) in paragraph at lines 1291--1303

 []


Underfull \hbox (badness 10000) in paragraph at lines 1322--1324

 []


Underfull \hbox (badness 10000) in paragraph at lines 1322--1324
\OT1/lmtt/m/n/9 *: F M2 F\TS1/lmtt/m/n/9 '[] \OT1/lmtt/m/n/9 // 6e4x different 
edges and shifted centres
 []


Underfull \hbox (badness 10000) in paragraph at lines 1322--1324
\OT1/lmtt/m/n/9 B R\TS1/lmtt/m/n/9 '\OT1/lmtt/m/n/9 D\TS1/lmtt/m/n/9 '\OT1/lmtt
/m/n/9 R F Rw2 R2 D F2 B2 U F2 D2 \TS1/lmtt/m/n/9 $ \OT1/lmtt/m/n/9 B D2 F\TS1/
lmtt/m/n/9 '\OT1/lmtt/m/n/9 U\TS1/lmtt/m/n/9 '\OT1/lmtt/m/n/9 Lw2 L\TS1/lmtt/m/
n/9 '\OT1/lmtt/m/n/9 B\TS1/lmtt/m/n/9 '[] \OT1/lmtt/m/n/9 //
 []


Package svg Warning: You should specify the image size with parameters
(svg)                `width' and `height' or `scale' instead of using
(svg)                `\svgscale' or `\svgwidth' on input line 1328.

Package svg Info: Last page of `./svg-inkscape/SE4_svg-tex.pdf' is 1 on input l
ine 1328.
(svg-inkscape/SE4_svg-tex.pdf_tex
<./svg-inkscape/SE4_svg-tex.pdf, id=355, page=1, 150.5625pt x 150.5625pt>
File: ./svg-inkscape/SE4_svg-tex.pdf Graphic file (type pdf)
<use ./svg-inkscape/SE4_svg-tex.pdf, page 1>
Package pdftex.def Info: ./svg-inkscape/SE4_svg-tex.pdf , page1 used on input l
ine 56.
(pdftex.def)             Requested size: 113.81102pt x 113.81526pt.
)
Underfull \hbox (badness 10000) in paragraph at lines 1305--1339

 []


Underfull \hbox (badness 10000) in paragraph at lines 1305--1339

 []


Underfull \hbox (badness 10000) in paragraph at lines 1357--1359

 []


Underfull \hbox (badness 10000) in paragraph at lines 1357--1359
\OT1/lmtt/m/n/9 Skeleton :U2 D\TS1/lmtt/m/n/9 '\OT1/lmtt/m/n/9 F L\TS1/lmtt/m/n
/9 '\OT1/lmtt/m/n/9 D\TS1/lmtt/m/n/9 '\OT1/lmtt/m/n/9 L\TS1/lmtt/m/n/9 '\OT1/lm
tt/m/n/9 D\TS1/lmtt/m/n/9 '\OT1/lmtt/m/n/9 F2 * D\TS1/lmtt/m/n/9 '\OT1/lmtt/m/n
/9 L2 U ** B2 R2 U\TS1/lmtt/m/n/9 '\OT1/lmtt/m/n/9 R U2 R\TS1/lmtt/m/n/9 '\OT1/
lmtt/m/n/9 U2
 []


Package svg Warning: You should specify the image size with parameters
(svg)                `width' and `height' or `scale' instead of using
(svg)                `\svgscale' or `\svgwidth' on input line 1363.

Package svg Info: Last page of `./svg-inkscape/SE5_svg-tex.pdf' is 1 on input l
ine 1363.
(svg-inkscape/SE5_svg-tex.pdf_tex
<./svg-inkscape/SE5_svg-tex.pdf, id=357, page=1, 150.5625pt x 150.5625pt>
File: ./svg-inkscape/SE5_svg-tex.pdf Graphic file (type pdf)
<use ./svg-inkscape/SE5_svg-tex.pdf, page 1>
Package pdftex.def Info: ./svg-inkscape/SE5_svg-tex.pdf , page1 used on input l
ine 56.
(pdftex.def)             Requested size: 113.81102pt x 113.81526pt.
)
Underfull \hbox (badness 10000) in paragraph at lines 1341--1373

 []

[24 <./svg-inkscape/SE4_svg-tex.pdf> <./svg-inkscape/SE5_svg-tex.pdf

pdfTeX warning: pdflatex (file ./svg-inkscape/SE5_svg-tex.pdf): PDF inclusion: 
multiple pdfs with page group included in a single page
>]
Underfull \hbox (badness 10000) in paragraph at lines 1374--1375

 []


Underfull \hbox (badness 10000) in paragraph at lines 1395--1397

 []


Underfull \hbox (badness 10000) in paragraph at lines 1395--1397

 []


Package svg Warning: You should specify the image size with parameters
(svg)                `width' and `height' or `scale' instead of using
(svg)                `\svgscale' or `\svgwidth' on input line 1401.

Package svg Info: Last page of `./svg-inkscape/SE6_svg-tex.pdf' is 1 on input l
ine 1401.
(svg-inkscape/SE6_svg-tex.pdf_tex
<./svg-inkscape/SE6_svg-tex.pdf, id=366, page=1, 150.5625pt x 150.5625pt>
File: ./svg-inkscape/SE6_svg-tex.pdf Graphic file (type pdf)
<use ./svg-inkscape/SE6_svg-tex.pdf, page 1>
Package pdftex.def Info: ./svg-inkscape/SE6_svg-tex.pdf , page1 used on input l
ine 56.
(pdftex.def)             Requested size: 113.81102pt x 113.81526pt.
)
Underfull \hbox (badness 10000) in paragraph at lines 1377--1410

 []


Underfull \hbox (badness 10000) in paragraph at lines 1414--1417

 []


Underfull \hbox (badness 10000) in paragraph at lines 1421--1477

 []


Underfull \hbox (badness 10000) in paragraph at lines 1421--1477

 []


Underfull \hbox (badness 10000) in paragraph at lines 1421--1477

 []


Underfull \hbox (badness 10000) in paragraph at lines 1421--1477

 []


Underfull \hbox (badness 10000) in paragraph at lines 1421--1477

 []


Underfull \hbox (badness 10000) in paragraph at lines 1421--1477

 []


Underfull \hbox (badness 10000) in paragraph at lines 1421--1477

 []


Underfull \hbox (badness 10000) in paragraph at lines 1421--1477

 []


Underfull \hbox (badness 10000) in paragraph at lines 1421--1477

 []


Underfull \hbox (badness 10000) in paragraph at lines 1421--1477

 []


Underfull \hbox (badness 10000) in paragraph at lines 1421--1477

 []


Underfull \hbox (badness 10000) in paragraph at lines 1421--1477

 []


Underfull \hbox (badness 10000) in paragraph at lines 1421--1477

 []


Underfull \hbox (badness 10000) in paragraph at lines 1421--1477

 []


Underfull \hbox (badness 10000) in paragraph at lines 1421--1477

 []


Underfull \hbox (badness 10000) in paragraph at lines 1421--1477

 []


Underfull \hbox (badness 10000) in paragraph at lines 1421--1477

 []


Underfull \hbox (badness 10000) in paragraph at lines 1421--1477

 []


Underfull \hbox (badness 10000) in paragraph at lines 1421--1477

 []


Underfull \hbox (badness 10000) in paragraph at lines 1421--1477

 []

[25 <./svg-inkscape/SE6_svg-tex.pdf>]
Underfull \hbox (badness 10000) in paragraph at lines 1480--1493

 []


Underfull \hbox (badness 10000) in paragraph at lines 1480--1493

 []


Underfull \hbox (badness 10000) in paragraph at lines 1480--1493

 []


Underfull \hbox (badness 10000) in paragraph at lines 1480--1493

 []


Underfull \hbox (badness 10000) in paragraph at lines 1480--1493

 []


Underfull \hbox (badness 10000) in paragraph at lines 1480--1493

 []

[26]
Underfull \hbox (badness 10000) in paragraph at lines 1494--1549

 []


Underfull \hbox (badness 10000) in paragraph at lines 1494--1549

 []


Underfull \hbox (badness 10000) in paragraph at lines 1494--1549

 []


Underfull \hbox (badness 10000) in paragraph at lines 1494--1549

 []


Underfull \hbox (badness 10000) in paragraph at lines 1494--1549

 []


Underfull \hbox (badness 10000) in paragraph at lines 1494--1549

 []


Underfull \hbox (badness 10000) in paragraph at lines 1494--1549

 []


Underfull \hbox (badness 10000) in paragraph at lines 1494--1549

 []


Underfull \hbox (badness 10000) in paragraph at lines 1494--1549

 []


Underfull \hbox (badness 10000) in paragraph at lines 1494--1549

 []


Underfull \hbox (badness 10000) in paragraph at lines 1494--1549

 []


Underfull \hbox (badness 10000) in paragraph at lines 1494--1549

 []


Underfull \hbox (badness 10000) in paragraph at lines 1494--1549

 []


Underfull \hbox (badness 10000) in paragraph at lines 1494--1549

 []


Underfull \hbox (badness 10000) in paragraph at lines 1494--1549

 []


Underfull \hbox (badness 10000) in paragraph at lines 1494--1549

 []

[27]
Underfull \hbox (badness 10000) in paragraph at lines 1552--1556

 []


Underfull \hbox (badness 10000) in paragraph at lines 1561--1572

 []


Underfull \hbox (badness 10000) in paragraph at lines 1561--1572

 []


Underfull \hbox (badness 10000) in paragraph at lines 1561--1572

 []


Underfull \hbox (badness 10000) in paragraph at lines 1561--1572

 []


Underfull \hbox (badness 10000) in paragraph at lines 1561--1572

 []


Underfull \hbox (badness 10000) in paragraph at lines 1592--1594
\OT1/lmtt/m/n/9 (L2 U2 L\TS1/lmtt/m/n/9 '\OT1/lmtt/m/n/9 U2 L\TS1/lmtt/m/n/9 '\
OT1/lmtt/m/n/9 U2 L) [] // All but 3 corners (and centers)
 []


Package svg Warning: You should specify the image size with parameters
(svg)                `width' and `height' or `scale' instead of using
(svg)                `\svgscale' or `\svgwidth' on input line 1598.

Package svg Info: Last page of `./svg-inkscape/NC_svg-tex.pdf' is 1 on input li
ne 1598.
(svg-inkscape/NC_svg-tex.pdf_tex
<./svg-inkscape/NC_svg-tex.pdf, id=384, page=1, 150.5625pt x 150.5625pt>
File: ./svg-inkscape/NC_svg-tex.pdf Graphic file (type pdf)
<use ./svg-inkscape/NC_svg-tex.pdf, page 1>
Package pdftex.def Info: ./svg-inkscape/NC_svg-tex.pdf , page1 used on input li
ne 56.
(pdftex.def)             Requested size: 113.81102pt x 113.81526pt.
)
Underfull \hbox (badness 10000) in paragraph at lines 1580--1610

 []


Underfull \hbox (badness 10000) in paragraph at lines 1580--1610

 []

[28 <./svg-inkscape/NC_svg-tex.pdf>]
Underfull \hbox (badness 10000) in paragraph at lines 1618--1621

 []


Underfull \hbox (badness 10000) in paragraph at lines 1618--1621

 []

[29]
Chapter 6.

Underfull \hbox (badness 10000) in paragraph at lines 1626--1658

 []


Underfull \hbox (badness 10000) in paragraph at lines 1626--1658

 []


Underfull \hbox (badness 10000) in paragraph at lines 1626--1658

 []


Underfull \hbox (badness 10000) in paragraph at lines 1626--1658

 []


Underfull \hbox (badness 10000) in paragraph at lines 1626--1658

 []


Underfull \hbox (badness 10000) in paragraph at lines 1626--1658

 []


Underfull \hbox (badness 10000) in paragraph at lines 1626--1658

 []


Underfull \hbox (badness 10000) in paragraph at lines 1626--1658

 []


Underfull \vbox (badness 10000) has occurred while \output is active []

 [30

]
Package atveryend Info: Empty hook `BeforeClearDocument' on input line 1721.

[31]
Package atveryend Info: Empty hook `AfterLastShipout' on input line 1721.
 (DR.aux)
Package atveryend Info: Executing hook `AtVeryEndDocument' on input line 1721.
Package atveryend Info: Executing hook `AtEndAfterFileList' on input line 1721.

Package rerunfilecheck Info: File `DR.out' has not changed.
(rerunfilecheck)             Checksum: 2E8C150AA599A29CF0C33965D0A83CED;1978.
Package atveryend Info: Empty hook `AtVeryVeryEnd' on input line 1721.
 ) 
Here is how much of TeX's memory you used:
 9424 strings out of 492895
 147655 string characters out of 3123735
 272668 words of memory out of 3000000
 12977 multiletter control sequences out of 15000+200000
 75469 words of font info for 66 fonts, out of 3000000 for 9000
 1141 hyphenation exceptions out of 8191
 37i,15n,71p,801b,551s stack positions out of 5000i,500n,10000p,200000b,50000s
{C:/Users/Admin/AppData/Local/Programs/MiKTeX 2.9/fonts/enc/dvips/lm/lm-ts1.e
nc}{C:/Users/Admin/AppData/Local/Programs/MiKTeX 2.9/fonts/enc/dvips/lm/lm-rm.e
nc}{C:/Users/Admin/AppData/Local/Programs/MiKTeX 2.9/fonts/enc/dvips/lm/lm-rmtt
.enc}<C:/Users/Admin/AppData/Local/Programs/MiKTeX 2.9/fonts/type1/public/lm/lm
bx10.pfb><C:/Users/Admin/AppData/Local/Programs/MiKTeX 2.9/fonts/type1/public/l
m/lmbx12.pfb><C:/Users/Admin/AppData/Local/Programs/MiKTeX 2.9/fonts/type1/publ
ic/lm/lmbx9.pfb><C:/Users/Admin/AppData/Local/Programs/MiKTeX 2.9/fonts/type1/p
ublic/lm/lmbxi10.pfb><C:/Users/Admin/AppData/Local/Programs/MiKTeX 2.9/fonts/ty
pe1/public/lm/lmr10.pfb><C:/Users/Admin/AppData/Local/Programs/MiKTeX 2.9/fonts
/type1/public/lm/lmr12.pfb><C:/Users/Admin/AppData/Local/Programs/MiKTeX 2.9/fo
nts/type1/public/lm/lmr17.pfb><C:/Users/Admin/AppData/Local/Programs/MiKTeX 2.9
/fonts/type1/public/lm/lmr9.pfb><C:/Users/Admin/AppData/Local/Programs/MiKTeX 2
.9/fonts/type1/public/lm/lmri10.pfb><C:/Users/Admin/AppData/Local/Programs/MiKT
eX 2.9/fonts/type1/public/lm/lmri9.pfb><C:/Users/Admin/AppData/Local/Programs/M
iKTeX 2.9/fonts/type1/public/lm/lmro10.pfb><C:/Users/Admin/AppData/Local/Progra
ms/MiKTeX 2.9/fonts/type1/public/lm/lmtt10.pfb><C:/Users/Admin/AppData/Local/Pr
ograms/MiKTeX 2.9/fonts/type1/public/lm/lmtt9.pfb>
Output written on DR.pdf (31 pages, 530742 bytes).
PDF statistics:
 481 PDF objects out of 1000 (max. 8388607)
 63 named destinations out of 1000 (max. 500000)
 505 words of extra memory for PDF output out of 10000 (max. 10000000)

